<?xml version="1.0" encoding="UTF-8"?>
<!-- Generated by org.testng.reporters.JUnitReportReporter -->
<testsuite hostname="BLR1-LHP-N80691" failures="0" tests="1" name="Com.Automation.Test.OrderPaymentsPageTest" time="34.628" errors="0" timestamp="2022-09-13T12:45:08 IST" skipped="0">
  <testcase classname="Com.Automation.Test.OrderPaymentsPageTest" name="verifyPayNow" time="34.628"/>
  <system-out/>
</testsuite> <!-- Com.Automation.Test.OrderPaymentsPageTest -->
