<?xml version="1.0" encoding="UTF-8"?>
<!-- Generated by org.testng.reporters.JUnitReportReporter -->
<testsuite hostname="BLR1-LHP-N80691" failures="0" tests="1" name="Com.Automation.Test.SearchProductTest" time="17.405" errors="0" timestamp="2022-09-13T12:02:43 IST" skipped="0">
  <testcase classname="Com.Automation.Test.SearchProductTest" name="verifySearch" time="17.405"/>
  <system-out/>
</testsuite> <!-- Com.Automation.Test.SearchProductTest -->
